<?xml version="1.0" encoding="UTF-8"?>
<testng-results ignored="0" total="2" passed="2" failed="0" skipped="0">
  <reporter-output>
  </reporter-output>
  <suite started-at="2019-06-10T06:25:56Z" name="Suite" finished-at="2019-06-10T06:26:00Z" duration-ms="3979">
    <groups>
    </groups>
    <test started-at="2019-06-10T06:25:56Z" name="Test" finished-at="2019-06-10T06:26:00Z" duration-ms="3979">
      <class name="jar.SignOutTest">
        <test-method signature="SignOutAPP()[pri:0, instance:jar.SignOutTest@120d6fe6]" started-at="2019-06-10T06:25:59Z" name="SignOutAPP" finished-at="2019-06-10T06:26:00Z" duration-ms="146" status="PASS">
          <reporter-output>
          </reporter-output>
        </test-method> <!-- SignOutAPP -->
      </class> <!-- jar.SignOutTest -->
      <class name="jar.LoginTest">
        <test-method signature="LoginAPP()[pri:0, instance:jar.LoginTest@1176dcec]" started-at="2019-06-10T06:25:56Z" name="LoginAPP" finished-at="2019-06-10T06:25:59Z" duration-ms="3819" status="PASS">
          <reporter-output>
          </reporter-output>
        </test-method> <!-- LoginAPP -->
      </class> <!-- jar.LoginTest -->
    </test> <!-- Test -->
  </suite> <!-- Suite -->
</testng-results>
